<?xml version="1.0" encoding="UTF-8"?>
<!-- Generated by org.testng.reporters.JUnitXMLReporter -->
<testsuite ignored="0" hostname="DESKTOP-PBK7R41" failures="0" tests="7" name="Test" time="41.675" errors="0" timestamp="2022-09-26T12:57:45 IST">
  <testcase classname="bluefinUIAutomation.ContactusButton" name="ContactUsButtonOnHomePage" time="6.616"/>
  <testcase classname="bluefinUIAutomation.LogoTest" name="logoVerify" time="3.193"/>
  <testcase classname="bluefinUIAutomation.HeaderLinksLobby" name="headerLinksVerification" time="3.71"/>
  <testcase classname="bluefinUIAutomation.LogInPage" name="LoginPage" time="6.264"/>
  <testcase classname="bluefinUIAutomation.FooterLinks" name="RequestDemoTest" time="5.218"/>
  <testcase classname="bluefinUIAutomation.forgetPasswordTest" name="fogetpassword" time="7.006"/>
  <testcase classname="bluefinUIAutomation.RequestDemoLinks" name="RequestDemoTest" time="9.595"/>
</testsuite> <!-- Test -->
