<?xml version="1.0" encoding="UTF-8"?>
<!-- Generated by org.testng.reporters.JUnitXMLReporter -->
<testsuite ignored="0" hostname="DESKTOP-PBK7R41" failures="1" tests="13" name="Test" time="137.296" errors="0" timestamp="2023-03-24T11:41:17 IST">
  <testcase classname="bluefinUIAutomation.ReportsTest" name="ReportsPage" time="4.842"/>
  <testcase classname="bluefinUIAutomation.SearchorgTest" name="SearchOrgnizationElement" time="12.646"/>
  <testcase classname="bluefinUIAutomation.RequestDemoTest" name="testdemo" time="0.038">
    <failure type="java.lang.AssertionError" message="expected [http://web.td112.net/] but found [https://web.td112.net/]">
      <![CDATA[java.lang.AssertionError: expected [http://web.td112.net/] but found [https://web.td112.net/]
at pageObjects.DemoRequest.RequestDemoMethod(DemoRequest.java:131)
at bluefinUIAutomation.RequestDemoTest.testdemo(RequestDemoTest.java:19)
at java.base/java.util.ArrayList.forEach(ArrayList.java:1511)
... Removed 33 stack frames]]>
    </failure>
  </testcase> <!-- testdemo -->
  <testcase classname="bluefinUIAutomation.LogoTest" name="logoVerify" time="0.957"/>
  <testcase classname="bluefinUIAutomation.ForgetPasswordTest" name="fogetpassword" time="2.852"/>
  <testcase classname="bluefinUIAutomation.CreateTicketTest" name="createticket" time="8.359"/>
  <testcase classname="bluefinUIAutomation.HeaderLinksTest" name="headerLinksVerification" time="1.642"/>
  <testcase classname="bluefinUIAutomation.ContactUsVerificationTest" name="ContactUsBo" time="9.631"/>
  <testcase classname="bluefinUIAutomation.ContactusButtonTest" name="ContactUsButtontest" time="2.473"/>
  <testcase classname="bluefinUIAutomation.DashboardTest" name="DashBordverify" time="6.352"/>
  <testcase classname="bluefinUIAutomation.LogInPageTest" name="LoginPage" time="5.168"/>
  <testcase classname="bluefinUIAutomation.FooterLinksTest" name="FooterTLinks" time="3.107"/>
  <testcase classname="bluefinUIAutomation.AddOrganizationTest" name="AddOrg" time="15.749"/>
</testsuite> <!-- Test -->
