<?xml version="1.0" encoding="UTF-8"?>
<testng-results ignored="0" total="1" passed="1" failed="0" skipped="0">
  <reporter-output>
  </reporter-output>
  <suite started-at="2022-11-24T15:51:11 IST" name="Default suite" finished-at="2022-11-24T15:51:17 IST" duration-ms="5635">
    <groups>
    </groups>
    <test started-at="2022-11-24T15:51:11 IST" name="Default test" finished-at="2022-11-24T15:51:17 IST" duration-ms="5635">
      <class name="bluefinUIAutomation.LogoTest">
        <test-method signature="logoVerify()[pri:4, instance:bluefinUIAutomation.LogoTest@4229bb3f]" started-at="2022-11-24T15:51:11 IST" name="logoVerify" description="Test Description   = Verification of LoGo Feature" finished-at="2022-11-24T15:51:17 IST" duration-ms="5590" status="PASS">
          <reporter-output>
          </reporter-output>
        </test-method> <!-- logoVerify -->
      </class> <!-- bluefinUIAutomation.LogoTest -->
    </test> <!-- Default test -->
  </suite> <!-- Default suite -->
</testng-results>
