<?xml version="1.0" encoding="UTF-8"?>
<!-- Generated by org.testng.reporters.JUnitXMLReporter -->
<testsuite ignored="0" hostname="DESKTOP-PBK7R41" failures="0" tests="6" name="Back Office" time="66.886" errors="0" timestamp="2022-11-24T11:59:29 IST">
  <testcase classname="bluefinUIAutomation.dashboardTest" name="DashBoard" time="7.747"/>
  <testcase classname="bluefinUIAutomation.AddOrganizationTest" name="AddOrganization" time="7.834"/>
  <testcase classname="bluefinUIAutomation.SearchorgTest" name="SearchOrgnizationElement" time="20.824"/>
  <testcase classname="bluefinUIAutomation.CreateTicketTest" name="CreateTicket" time="9.845"/>
  <testcase classname="bluefinUIAutomation.ContactUsVerificationTest" name="ContactUsFuctionalityVerification" time="13.888"/>
  <testcase classname="bluefinUIAutomation.BOreportsVerification" name="ReportsPage" time="6.727"/>
</testsuite> <!-- Back Office -->
