<?xml version="1.0" encoding="UTF-8"?>
<!-- Generated by org.testng.reporters.JUnitXMLReporter -->
<testsuite ignored="0" hostname="DESKTOP-PBK7R41" failures="0" tests="7" name="Lobby" time="62.616" errors="0" timestamp="2022-11-24T11:58:22 IST">
  <testcase classname="bluefinUIAutomation.ContactusButton" name="ContactUsButtonOnHomePage" time="10.004"/>
  <testcase classname="bluefinUIAutomation.LogoTest" name="logoVerify" time="3.348"/>
  <testcase classname="bluefinUIAutomation.HeaderLinksLobby" name="headerLinksVerification" time="4.439"/>
  <testcase classname="bluefinUIAutomation.LogInPage" name="LoginPage" time="7.589"/>
  <testcase classname="bluefinUIAutomation.FooterLinks" name="RequestDemoTest" time="6.666"/>
  <testcase classname="bluefinUIAutomation.forgetPasswordTest" name="fogetpassword" time="24.245"/>
  <testcase classname="bluefinUIAutomation.RequestDemoLinks" name="RequestDemoTest" time="6.248"/>
</testsuite> <!-- Lobby -->
